Arguments: 
  C:\Program Files\nodejs\node.exe C:\Program Files (x86)\Yarn\bin\yarn.js install

PATH: 
  C:\Program Files\Docker\Docker\Resources\bin;C:\Program Files (x86)\Common Files\Oracle\Java\javapath;C:\Windows\system32;C:\Windows;C:\Windows\System32\Wbem;C:\Windows\System32\WindowsPowerShell\v1.0\;C:\Windows\System32\OpenSSH\;C:\Program Files\PuTTY\;C:\Program Files\Git\cmd;C:\Program Files\Amazon\AWSCLI\;C:\Program Files\TortoiseHg\;C:\Program Files\MySQL\MySQL Utilities 1.6\;C:\Program Files\Microsoft SQL Server\120\Tools\Binn\;C:\Program Files\Microsoft SQL Server\130\Tools\Binn\;C:\Program Files (x86)\NVIDIA Corporation\PhysX\Common;C:\Users\aston\AppData\Roaming\nvm;C:\Program Files\nodejs;C:\TDM-GCC-64\bin;C:\Program Files (x86)\QuickTime\QTSystem\;C:\Program Files (x86)\Yarn\bin\;C:\apache-maven-3.5.4\bin;C:\Program Files\Java\jdk1.8.0_171\bin;C:\Users\aston\AppData\Roaming\nvm;C:\Program Files\nodejs;C:\Users\aston\AppData\Local\Yarn\bin

Yarn version: 
  1.13.0

Node version: 
  9.9.0

Platform: 
  win32 x64

Trace: 
  Error: https://registry.yarnpkg.com/@angular/common/-/common-6.1.10.tgz: ESOCKETTIMEDOUT
      at ClientRequest.<anonymous> (C:\Program Files (x86)\Yarn\lib\cli.js:130024:19)
      at Object.onceWrapper (events.js:272:13)
      at ClientRequest.emit (events.js:180:13)
      at TLSSocket.emitTimeout (_http_client.js:702:34)
      at Object.onceWrapper (events.js:272:13)
      at TLSSocket.emit (events.js:180:13)
      at TLSSocket.Socket._onTimeout (net.js:396:8)
      at ontimeout (timers.js:466:11)
      at tryOnTimeout (timers.js:304:5)
      at Timer.listOnTimeout (timers.js:267:5)

npm manifest: 
  {
    "name": "angular6-login",
    "version": "0.0.0",
    "scripts": {
      "ng": "ng",
      "start": "ng serve",
      "build": "ng build",
      "test": "ng test",
      "lint": "ng lint",
      "e2e": "ng e2e"
    },
    "private": true,
    "dependencies": {
      "@angular/animations": "^6.0.3",
      "@angular/common": "^6.0.3",
      "@angular/compiler": "^6.0.3",
      "@angular/core": "^6.0.3",
      "@angular/forms": "^6.0.3",
      "@angular/http": "^6.0.3",
      "@angular/platform-browser": "^6.0.3",
      "@angular/platform-browser-dynamic": "^6.0.3",
      "@angular/router": "^6.0.3",
      "core-js": "^2.5.4",
      "rxjs": "^6.0.0",
      "zone.js": "^0.8.26"
    },
    "devDependencies": {
      "@angular/compiler-cli": "^6.0.3",
      "@angular-devkit/build-angular": "~0.6.8",
      "typescript": "~2.7.2",
      "@angular/cli": "~6.0.8",
      "@angular/language-service": "^6.0.3",
      "@types/jasmine": "~2.8.6",
      "@types/jasminewd2": "~2.0.3",
      "@types/node": "~8.9.4",
      "codelyzer": "~4.2.1",
      "jasmine-core": "~2.99.1",
      "jasmine-spec-reporter": "~4.2.1",
      "karma": "~1.7.1",
      "karma-chrome-launcher": "~2.2.0",
      "karma-coverage-istanbul-reporter": "~2.0.0",
      "karma-jasmine": "~1.1.1",
      "karma-jasmine-html-reporter": "^0.2.2",
      "protractor": "~5.3.0",
      "ts-node": "~5.0.1",
      "tslint": "~5.9.1"
    }
  }

yarn manifest: 
  No manifest

Lockfile: 
  No lockfile
